app/build/outputs/mapping/release/seeds.txt
com.lockscreen_video_recorder_uhudSoft.Activities.PrivacyPolicy
com.lockscreen_video_recorder_uhudSoft.Activities.VideosPlayer
com.lockscreen_video_recorder_uhudSoft.Activities.VideoSettings
com.lockscreen_video_recorder_uhudSoft.Activities.SplashScreen
com.lockscreen_video_recorder_uhudSoft.Utils.AutoFitTextureView
com.lockscreen_video_recorder_uhudSoft.DataBinderMapperImpl
com.lockscreen_video_recorder_uhudSoft.MainActivity
com.lockscreen_video_recorder_uhudSoft.ui.VideoQualityFrag
com.lockscreen_video_recorder_uhudSoft.ui.SettingFrag
com.lockscreen_video_recorder_uhudSoft.Utils.FloatingWindowServices
com.lockscreen_video_recorder_uhudSoft.Activities.IntroductionHomeActivity
com.lockscreen_video_recorder_uhudSoft.Activities.PreviewSize
com.lockscreen_video_recorder_uhudSoft.Utils.AlarmReceiver
com.lockscreen_video_recorder_uhudSoft.Activities.AlarmPage
com.lockscreen_video_recorder_uhudSoft.ui.PreviewSizeFrag
com.lockscreen_video_recorder_uhudSoft.ui.HomeFrag
com.lockscreen_video_recorder_uhudSoft.Activities.VideosFolder
com.lockscreen_video_recorder_uhudSoft.Activities.SplashScreen: SplashScreen()
com.lockscreen_video_recorder_uhudSoft.Activities.PrivacyPolicy: PrivacyPolicy()
com.lockscreen_video_recorder_uhudSoft.Activities.IntroductionHomeActivity: IntroductionHomeActivity()
com.lockscreen_video_recorder_uhudSoft.Activities.PreviewSize: PreviewSize()
com.lockscreen_video_recorder_uhudSoft.Activities.VideosPlayer: VideosPlayer()
com.lockscreen_video_recorder_uhudSoft.ui.HomeFrag: HomeFrag()
com.lockscreen_video_recorder_uhudSoft.Activities.VideoSettings: VideoSettings()
com.lockscreen_video_recorder_uhudSoft.ui.VideoQualityFrag: VideoQualityFrag()
com.lockscreen_video_recorder_uhudSoft.MainActivity: MainActivity()
com.lockscreen_video_recorder_uhudSoft.Utils.FloatingWindowServices: FloatingWindowServices()
com.lockscreen_video_recorder_uhudSoft.Utils.AutoFitTextureView: AutoFitTextureView(android.content.Context,android.util.AttributeSet)
com.lockscreen_video_recorder_uhudSoft.DataBinderMapperImpl: DataBinderMapperImpl()
com.lockscreen_video_recorder_uhudSoft.Activities.VideosFolder: VideosFolder()
com.lockscreen_video_recorder_uhudSoft.ui.SettingFrag: SettingFrag()
com.lockscreen_video_recorder_uhudSoft.Activities.AlarmPage: AlarmPage()
com.lockscreen_video_recorder_uhudSoft.ui.PreviewSizeFrag: PreviewSizeFrag()
com.lockscreen_video_recorder_uhudSoft.Utils.AlarmReceiver: AlarmReceiver()
...
com.bumptech.glide.load.ImageHeaderParser$ImageType: com.bumptech.glide.load.ImageHeaderParser$ImageType WEBP
com.google.android.gms.internal.ads.zzbaf: com.google.android.gms.internal.ads.zzazq zzg
com.google.android.gms.internal.ads.zzamx: java.lang.String zze
com.karumi.dexter.R$attr: int chipSpacingVertical
com.google.android.gms.internal.ads.zzgws: com.google.android.gms.internal.ads.zzgqv zzh
com.facebook.ads.NativeAdBase$Rating: com.facebook.ads.internal.api.NativeAdRatingApi mNativeAdRatingApi
com.facebook.ads.AudienceNetworkAds$AdFormat: int NATIVE
com.facebook.ads.AdSize: int UNDEFINED
com.google.android.gms.internal.ads.zzgmk: int zzd
com.karumi.dexter.R$id: int right_icon
com.karumi.dexter.R$attr: int menu
com.facebook.ads.ExtraHints$Keyword: com.facebook.ads.ExtraHints$Keyword AUTOMOTIVE
com.google.android.gms.internal.ads.zzaog: java.lang.String zzaD
com.karumi.dexter.R$id: int checkbox
com.karumi.dexter.R$styleable: int Chip_iconEndPadding
com.karumi.dexter.R$dimen: int mtrl_btn_text_btn_icon_padding
com.karumi.dexter.R$style: int Base_Theme_MaterialComponents_Light_DarkActionBar
com.google.android.gms.internal.ads.zzgwa: com.google.android.gms.internal.ads.zzgsj zzb
com.karumi.dexter.R$styleable: int Chip_chipStartPadding
com.karumi.dexter.R$color: int bright_foreground_inverse_material_dark
com.karumi.dexter.R$id: int mtrl_child_content_container
com.karumi.dexter.R$style: int Base_Widget_AppCompat_PopupMenu_Overflow
com.karumi.dexter.R$style: int Base_DialogWindowTitleBackground_AppCompat
com.karumi.dexter.R$style: int TextAppearance_AppCompat_Widget_ActionBar_Subtitle
com.karumi.dexter.R$style: int Widget_AppCompat_AutoCompleteTextView
com.karumi.dexter.R$color: int foreground_material_dark
com.google.android.gms.internal.ads.zzaop: com.google.android.gms.internal.ads.zzgqv zzg
androidx.activity.result.IntentSenderRequest: android.os.Parcelable$Creator CREATOR
com.karumi.dexter.R$style: int Base_TextAppearance_AppCompat_Subhead
kotlinx.coroutines.InvokeOnCancelling: int _invoked
com.karumi.dexter.R$styleable: int Spinner_android_prompt
com.karumi.dexter.R$style: int Theme_MaterialComponents_Dialog
com.google.android.gms.internal.ads.zzaxe: com.google.android.gms.internal.ads.zzgsm zzi
com.facebook.ads.ExtraHints$Keyword: com.facebook.ads.ExtraHints$Keyword FOOD_DRINK
com.karumi.dexter.R$styleable: int MenuView_android_headerBackground
com.karumi.dexter.R$style: int RtlOverlay_Widget_AppCompat_SearchView_MagIcon
com.karumi.dexter.listener.DexterError: com.karumi.dexter.listener.DexterError REQUEST_ONGOING
com.karumi.dexter.R$styleable: int BottomSheetBehavior_Layout_behavior_significantVelocityThreshold
com.karumi.dexter.R$styleable: int[] AppCompatTheme
com.karumi.dexter.R$style: int Base_V7_Widget_AppCompat_AutoCompleteTextView
com.karumi.dexter.R$style: int Widget_MaterialComponents_BottomNavigationView
com.google.android.gms.internal.ads.zzgwi: java.lang.String zzh
com.karumi.dexter.R$styleable: int BottomSheetBehavior_Layout_behavior_skipCollapsed
com.karumi.dexter.R$styleable: int CompoundButton_buttonTint
com.karumi.dexter.R$styleable: int LinearLayoutCompat_android_orientation
com.karumi.dexter.R$dimen: int hint_pressed_alpha_material_light
com.karumi.dexter.R$style: int Widget_MaterialComponents_Snackbar
com.karumi.dexter.R$drawable: int abc_ratingbar_small_material
com.karumi.dexter.R$styleable: int TextInputLayout_boxBackgroundColor
com.karumi.dexter.R$id: int src_in
com.karumi.dexter.R$color: int abc_tint_spinner
com.karumi.dexter.R$styleable: int MaterialButton_iconSize
com.google.android.gms.internal.ads.zzgxl: com.google.android.gms.internal.ads.zzgsm zzk
com.google.android.flexbox.FlexboxLayoutManager$LayoutParams: android.os.Parcelable$Creator CREATOR
com.google.android.gms.internal.ads.zzgld: int zzd
com.google.android.gms.internal.ads.zzfju: android.os.Parcelable$Creator CREATOR
com.karumi.dexter.R$styleable: int TextInputLayout_placeholderTextColor