app/build/outputs/mapping/release/usage.txt
com.lockscreen_video_recorder_uhudSoft.Activities.IntroductionHomeActivity:
    private static final java.lang.String TAG
com.lockscreen_video_recorder_uhudSoft.Activities.VideosPlayer:
    private static final java.lang.String TAG
    android.widget.SeekBar videoSeekbar
com.lockscreen_video_recorder_uhudSoft.AdsFolder.admob_MyBanner
com.lockscreen_video_recorder_uhudSoft.AdsFolder.admob_MyInterstitial$1$1
com.lockscreen_video_recorder_uhudSoft.AdsFolder.admob_MyInterstitial$1
com.lockscreen_video_recorder_uhudSoft.AdsFolder.admob_MyInterstitial
com.lockscreen_video_recorder_uhudSoft.AdsFolder.admob_MyNativeAd$2:
    public void onAdFailedToLoad(int)
com.lockscreen_video_recorder_uhudSoft.AdsFolder.facebook_Ad_interstitial$1
com.lockscreen_video_recorder_uhudSoft.AdsFolder.facebook_Ad_interstitial
com.lockscreen_video_recorder_uhudSoft.AdsFolder.facebook_Ad_native$1
com.lockscreen_video_recorder_uhudSoft.AdsFolder.facebook_Ad_native
com.lockscreen_video_recorder_uhudSoft.BR
com.lockscreen_video_recorder_uhudSoft.BuildConfig
com.lockscreen_video_recorder_uhudSoft.DataBinderMapperImpl$InnerBrLookup
com.lockscreen_video_recorder_uhudSoft.DataBinderMapperImpl$InnerLayoutIdLookup
com.lockscreen_video_recorder_uhudSoft.DataBinderMapperImpl:
    private static final int LAYOUT_ACTIVITYMAIN
    public java.lang.String convertBrIdToString(int)
    public int getLayoutId(java.lang.String)
com.lockscreen_video_recorder_uhudSoft.DataBindingTriggerClass
com.lockscreen_video_recorder_uhudSoft.MainActivity$inlined$sam$i$androidx_navigation_ui_AppBarConfiguration_OnNavigateUpListener$0:
    public final synthetic boolean onNavigateUp()
com.lockscreen_video_recorder_uhudSoft.MainActivity$setBottomNavigationInNormalWay$1$1
com.lockscreen_video_recorder_uhudSoft.MainActivity$setBottomNavigationInNormalWay$1$2
com.lockscreen_video_recorder_uhudSoft.MainActivity$setBottomNavigationInNormalWay$1$3
com.lockscreen_video_recorder_uhudSoft.MainActivity:
    private static final int ID_ACCOUNT
    private static final int ID_EXPLORE
    private static final int ID_HOME
    private static final int ID_MESSAGE
    private static final int ID_NOTIFICATION
    public static final synthetic com.lockscreen_video_recorder_uhudSoft.databinding.ActivityMainBinding access$getBinding$p(com.lockscreen_video_recorder_uhudSoft.MainActivity)
    private final void setBottomNavigationInNormalWay(android.os.Bundle)
com.lockscreen_video_recorder_uhudSoft.Prefs.SharedPrefs:
    public static final java.lang.String PREFS_NAME
    public int getInt(java.lang.String)
    public void setInt(java.lang.String,int)
com.lockscreen_video_recorder_uhudSoft.R$anim
com.lockscreen_video_recorder_uhudSoft.R$animator
com.lockscreen_video_recorder_uhudSoft.R$array
com.lockscreen_video_recorder_uhudSoft.R$attr
com.lockscreen_video_recorder_uhudSoft.R$bool
com.lockscreen_video_recorder_uhudSoft.R$color
com.lockscreen_video_recorder_uhudSoft.R$dimen
com.lockscreen_video_recorder_uhudSoft.R$drawable
com.lockscreen_video_recorder_uhudSoft.R$font
com.lockscreen_video_recorder_uhudSoft.R$id
com.lockscreen_video_recorder_uhudSoft.R$integer
com.lockscreen_video_recorder_uhudSoft.R$interpolator
com.lockscreen_video_recorder_uhudSoft.R$layout
com.lockscreen_video_recorder_uhudSoft.R$menu
com.lockscreen_video_recorder_uhudSoft.R$navigation
com.lockscreen_video_recorder_uhudSoft.R$plurals
com.lockscreen_video_recorder_uhudSoft.R$string
com.lockscreen_video_recorder_uhudSoft.R$style
com.lockscreen_video_recorder_uhudSoft.R$styleable
com.lockscreen_video_recorder_uhudSoft.R$xml
com.lockscreen_video_recorder_uhudSoft.R2$anim
com.lockscreen_video_recorder_uhudSoft.R2$array
com.lockscreen_video_recorder_uhudSoft.R2$attr
com.lockscreen_video_recorder_uhudSoft.R2$bool
com.lockscreen_video_recorder_uhudSoft.R2$color
com.lockscreen_video_recorder_uhudSoft.R2$dimen
com.lockscreen_video_recorder_uhudSoft.R2$drawable
com.lockscreen_video_recorder_uhudSoft.R2$id
com.lockscreen_video_recorder_uhudSoft.R2$integer
...
com.google.android.gms.ads.internal.client.zzau
com.google.android.gms.ads.internal.client.zzaw:
    public final com.google.android.gms.internal.ads.zzbev zzi(android.view.View,java.util.HashMap,java.util.HashMap)
    static synthetic bridge com.google.android.gms.internal.ads.zzbgl zzk(com.google.android.gms.ads.internal.client.zzaw)
    public final com.google.android.gms.internal.ads.zzbjd zzl(android.content.Context,com.google.android.gms.internal.ads.zzbnt,com.google.android.gms.ads.h5.OnH5AdsEventListener)
com.google.android.gms.ads.internal.client.zzbl:
    public final java.lang.String zze()
    public final java.lang.String zzf()
    public final void zzh(com.google.android.gms.ads.internal.client.zzl,int)
    public final boolean zzi()
com.google.android.gms.ads.internal.client.zzbo:
    public final void zzf(com.google.android.gms.internal.ads.zzbfj)
    public final void zzg(com.google.android.gms.internal.ads.zzbfm)
    public final void zzi(com.google.android.gms.internal.ads.zzbku)
    public final void zzj(com.google.android.gms.internal.ads.zzbfw,com.google.android.gms.ads.internal.client.zzq)
    public final void zzm(com.google.android.gms.ads.formats.AdManagerAdViewOptions)
    public final void zzn(com.google.android.gms.internal.ads.zzbkl)
    public final void zzp(com.google.android.gms.ads.formats.PublisherAdViewOptions)
    public final void zzq(com.google.android.gms.ads.internal.client.zzcf)
com.google.android.gms.ads.internal.client.zzbs:
    public final void zzA()
    public final void zzE(com.google.android.gms.ads.internal.client.zzby)
    public final void zzK(com.google.android.gms.ads.internal.client.zzdu)
    public final void zzM(com.google.android.gms.internal.ads.zzbrz)
    public final void zzO(com.google.android.gms.internal.ads.zzbcd)
    public final void zzQ(com.google.android.gms.internal.ads.zzbsc,java.lang.String)
    public final void zzR(java.lang.String)
    public final void zzS(com.google.android.gms.internal.ads.zzbux)
    public final void zzT(java.lang.String)
    public final void zzX()
    public final boolean zzY()
    public final boolean zzZ()
    public final void zzab(com.google.android.gms.ads.internal.client.zzcf)
    public final android.os.Bundle zzd()
    public final com.google.android.gms.ads.internal.client.zzbh zzi()
    public final com.google.android.gms.ads.internal.client.zzcb zzj()
    public final java.lang.String zzs()
    public final java.lang.String zzt()
com.google.android.gms.ads.internal.client.zzbt:
    public static com.google.android.gms.ads.internal.client.zzbu zzac(android.os.IBinder)
com.google.android.gms.ads.internal.client.zzcc:
    public final com.google.android.gms.internal.ads.zzbev zzj(com.google.android.gms.dynamic.IObjectWrapper,com.google.android.gms.dynamic.IObjectWrapper,com.google.android.gms.dynamic.IObjectWrapper)
    public final com.google.android.gms.internal.ads.zzbjd zzk(com.google.android.gms.dynamic.IObjectWrapper,com.google.android.gms.internal.ads.zzbnt,int,com.google.android.gms.internal.ads.zzbja)
    public final com.google.android.gms.internal.ads.zzbuu zzn(com.google.android.gms.dynamic.IObjectWrapper,com.google.android.gms.internal.ads.zzbnt,int)
com.google.android.gms.ads.internal.client.zzcm:
    public final float zze()
    public final void zzr(java.lang.String)
    public final boolean zzv()
com.google.android.gms.ads.internal.client.zzcr:
    public void <init>()
    protected final boolean zzbE(int,android.os.Parcel,android.os.Parcel,int)
com.google.android.gms.ads.internal.client.zzct
com.google.android.gms.ads.internal.client.zzcx:
    public final java.lang.String getDescription()
    public final com.google.android.gms.ads.internal.client.zzcw zza()
com.google.android.gms.ads.internal.client.zzdc:
    public void <init>()
    protected final boolean zzbE(int,android.os.Parcel,android.os.Parcel,int)